<?xml version="1.0" encoding="UTF-8"?>
<!-- Generated by org.testng.reporters.JUnitXMLReporter -->
<testsuite hostname="Harinath-pc" ignored="0" name="Default test" tests="7" failures="0" timestamp="22 Nov 2017 05:05:40 GMT" time="77.03" errors="0">
  <testcase name="suceslogin" time="12.468" classname="testCase.LoginTest"/>
  <testcase name="suceslogin" time="7.83" classname="testCase.LoginTest"/>
  <testcase name="suceslogin" time="7.3" classname="testCase.LoginTest"/>
  <testcase name="suceslogin" time="6.739" classname="testCase.LoginTest"/>
  <testcase name="suceslogin" time="7.475" classname="testCase.LoginTest"/>
  <testcase name="suceslogin" time="8.016" classname="testCase.LoginTest"/>
  <testcase name="suceslogin" time="7.02" classname="testCase.LoginTest"/>
</testsuite> <!-- Default test -->
