<?xml version="1.0" encoding="UTF-8"?>
<!-- Generated by org.testng.reporters.JUnitXMLReporter -->
<testsuite hostname="Harinath-pc" ignored="0" name="Test" tests="3" failures="0" timestamp="26 Jul 2017 05:52:46 GMT" time="5.869" errors="0">
  <testcase name="jsonQuery" time="3.792" classname="com.maven.selenium.RestAssured.RestAPITest"/>
  <testcase name="jsonpath" time="0.938" classname="com.maven.selenium.RestAssured.RestAPITest"/>
  <testcase name="testStatusCode" time="1.076" classname="com.maven.selenium.RestAssured.RestAPITest"/>
</testsuite> <!-- Test -->
