<?xml version="1.0" encoding="UTF-8"?>
<!-- Generated by org.testng.reporters.JUnitXMLReporter -->
<testsuite hostname="Harinath-pc" ignored="0" name="Test" tests="7" failures="0" timestamp="15 Dec 2017 10:01:41 GMT" time="76.164" errors="0">
  <testcase name="suceslogin" time="8.669" classname="testCase.LoginTest"/>
  <testcase name="suceslogin" time="6.908" classname="testCase.LoginTest"/>
  <testcase name="suceslogin" time="7.477" classname="testCase.LoginTest"/>
  <testcase name="suceslogin" time="6.908" classname="testCase.LoginTest"/>
  <testcase name="suceslogin" time="6.296" classname="testCase.LoginTest"/>
  <testcase name="suceslogin" time="6.837" classname="testCase.LoginTest"/>
  <testcase name="suceslogin" time="6.675" classname="testCase.LoginTest"/>
</testsuite> <!-- Test -->
