<?xml version="1.0" encoding="UTF-8"?>
<testsuite xmlns:xsi="http://www.w3.org/2001/XMLSchema-instance" xsi:schemaLocation="https://maven.apache.org/surefire/maven-surefire-plugin/xsd/surefire-test-report.xsd" name="TestSuite" time="77.031" tests="7" errors="0" skipped="0" failures="0">
  <properties>
[...]
</properties>
  <testcase name="suceslogin" classname="testCase.LoginTest" time="8.661"/>
  <testcase name="suceslogin" classname="testCase.LoginTest" time="6.892"/>
  <testcase name="suceslogin" classname="testCase.LoginTest" time="7.483"/>
  <testcase name="suceslogin" classname="testCase.LoginTest" time="6.906"/>
  <testcase name="suceslogin" classname="testCase.LoginTest" time="6.292"/>
  <testcase name="suceslogin" classname="testCase.LoginTest" time="6.839"/>
  <testcase name="suceslogin" classname="testCase.LoginTest" time="6.675"/>
</testsuite>